2025-11-13 18:19:02 - INFO     - ==================================================
2025-11-13 18:19:02 - INFO     - ПРОГРАММА ЗАПУЩЕНА
2025-11-13 18:19:02 - INFO     - Время запуска: 2025-11-13 18:19:02.335702
2025-11-13 18:19:02 - INFO     - ==================================================
2025-11-13 18:19:04 - INFO     - ВЫВОД [Диалог с пользователем]: Допишите число до которого можно загадывать: от 1 до 
2025-11-13 18:19:04 - INFO     - ВВОД [Значение N]: 7
2025-11-13 18:19:04 - INFO     - ОПЕРАЦИЯ [Проверка введённых данных]: Проверка N(7)
2025-11-13 18:19:04 - INFO     - ОПЕРАЦИЯ [Получаем число от 1 до 7 (загаданное число)]: 5
2025-11-13 18:19:08 - INFO     - ВЫВОД [Диалог с пользователем]: Введите число попыток на отгадывание: 
2025-11-13 18:19:08 - INFO     - ВВОД [Значение k]: три
2025-11-13 18:19:08 - INFO     - ОПЕРАЦИЯ [Проверка введённых данных]: Проверка k(три)
2025-11-13 18:19:08 - ERROR    - ОШИБКА [Неверные данные для k(три)]: Введённое число должно состоять из цифр(1234567890), быть больше 0 и быть целым 
2025-11-13 18:19:13 - INFO     - ВВОД [Значение k]: 3.0
2025-11-13 18:19:13 - ERROR    - ОШИБКА [Неверные данные для k(3.0)]: Введённое число должно состоять из цифр(1234567890), быть больше 0 и быть целым 
2025-11-13 18:19:16 - INFO     - ВВОД [Значение k]: 3
2025-11-13 18:19:20 - INFO     - ВЫВОД [Диалог с пользователем]: Какое число было загадано? 
2025-11-13 18:19:20 - INFO     - ВВОД [Значение answer]: шесть
2025-11-13 18:19:20 - INFO     - ОПЕРАЦИЯ [Проверка введённых данных]: Проверка answer (шесть)
2025-11-13 18:19:20 - ERROR    - ОШИБКА [Неверные данные для answer(шесть)]: Введённое число должно состоять из цифр(1234567890), быть в диапазоне от 1 до 7 и быть целым 
2025-11-13 18:19:25 - INFO     - ВВОД [Значение answer]: 6
2025-11-13 18:19:25 - INFO     - ОПЕРАЦИЯ [Проверка введённых данных]: Проверка answer (6)
2025-11-13 18:19:25 - INFO     - ОПЕРАЦИЯ [Проверка ответа и загаданного числа]: Ответ:6, загадано:5
2025-11-13 18:19:35 - INFO     - ВЫВОД [Диалог с пользователем]: Загаданное число меньше 
2025-11-13 18:19:35 - INFO     - ВВОД [Новое значение answer]: 4
2025-11-13 18:19:35 - INFO     - ОПЕРАЦИЯ [Уменьшение количества попыток]: 2
2025-11-13 18:19:35 - INFO     - ОПЕРАЦИЯ [Проверка введённых данных]: Проверка answer (4)
2025-11-13 18:19:35 - INFO     - ОПЕРАЦИЯ [Проверка ответа и загаданного числа]: Ответ:4, загадано:5
2025-11-13 18:19:39 - INFO     - ВЫВОД [Диалог с пользователем]: Загаданное число больше 
2025-11-13 18:19:39 - INFO     - ВВОД [Новое значение answer]: 5
2025-11-13 18:19:39 - INFO     - ОПЕРАЦИЯ [Уменьшение количества попыток]: 1
2025-11-13 18:19:39 - INFO     - ОПЕРАЦИЯ [Проверка последнего ответа]: Ответ:5, загадано:5
2025-11-13 18:19:39 - INFO     - ВЫВОД [Конечные данные]: Вы угадали
2025-11-13 18:19:39 - INFO     - ==================================================
2025-11-13 18:19:39 - INFO     - ПРОГРАММА ЗАВЕРШЕНА
2025-11-13 18:19:39 - INFO     - Время завершения: 2025-11-13 18:19:39.228822
2025-11-13 18:19:39 - INFO     - ==================================================
2025-11-13 18:20:14 - INFO     - ==================================================
2025-11-13 18:20:14 - INFO     - ПРОГРАММА ЗАПУЩЕНА
2025-11-13 18:20:14 - INFO     - Время запуска: 2025-11-13 18:20:14.365068
2025-11-13 18:20:14 - INFO     - ==================================================
2025-11-13 18:20:17 - INFO     - ВЫВОД [Диалог с пользователем]: Допишите число до которого можно загадывать: от 1 до 
2025-11-13 18:20:17 - INFO     - ВВОД [Значение N]: 10
2025-11-13 18:20:17 - INFO     - ОПЕРАЦИЯ [Проверка введённых данных]: Проверка N(10)
2025-11-13 18:20:17 - INFO     - ОПЕРАЦИЯ [Получаем число от 1 до 10 (загаданное число)]: 7
2025-11-13 18:20:18 - INFO     - ВЫВОД [Диалог с пользователем]: Введите число попыток на отгадывание: 
2025-11-13 18:20:18 - INFO     - ВВОД [Значение k]: 5
2025-11-13 18:20:18 - INFO     - ОПЕРАЦИЯ [Проверка введённых данных]: Проверка k(5)
2025-11-13 18:20:20 - INFO     - ВЫВОД [Диалог с пользователем]: Какое число было загадано? 
2025-11-13 18:20:20 - INFO     - ВВОД [Значение answer]: 5
2025-11-13 18:20:20 - INFO     - ОПЕРАЦИЯ [Проверка введённых данных]: Проверка answer (5)
2025-11-13 18:20:20 - INFO     - ОПЕРАЦИЯ [Проверка ответа и загаданного числа]: Ответ:5, загадано:7
2025-11-13 18:20:24 - INFO     - ВЫВОД [Диалог с пользователем]: Загаданное число больше 
2025-11-13 18:20:24 - INFO     - ВВОД [Новое значение answer]: 6ж
2025-11-13 18:20:24 - INFO     - ОПЕРАЦИЯ [Уменьшение количества попыток]: 4
2025-11-13 18:20:24 - INFO     - ОПЕРАЦИЯ [Проверка введённых данных]: Проверка answer (6ж)
2025-11-13 18:20:24 - ERROR    - ОШИБКА [Неверные данные для answer(6ж)]: Введённое число должно состоять из цифр(1234567890), быть в диапазоне от 1 до 10 и быть целым 
2025-11-13 18:20:28 - INFO     - ВВОД [Значение answer]: 6
2025-11-13 18:20:28 - INFO     - ОПЕРАЦИЯ [Проверка введённых данных]: Проверка answer (6)
2025-11-13 18:20:28 - INFO     - ОПЕРАЦИЯ [Проверка ответа и загаданного числа]: Ответ:6, загадано:7
2025-11-13 18:20:30 - INFO     - ВЫВОД [Диалог с пользователем]: Загаданное число больше 
2025-11-13 18:20:30 - INFO     - ВВОД [Новое значение answer]: 7
2025-11-13 18:20:30 - INFO     - ОПЕРАЦИЯ [Уменьшение количества попыток]: 3
2025-11-13 18:20:30 - INFO     - ОПЕРАЦИЯ [Проверка введённых данных]: Проверка answer (7)
2025-11-13 18:20:30 - INFO     - ОПЕРАЦИЯ [Проверка ответа и загаданного числа]: Ответ:7, загадано:7
2025-11-13 18:20:30 - INFO     - ОПЕРАЦИЯ [Проверка последнего ответа]: Ответ:7, загадано:7
2025-11-13 18:20:30 - INFO     - ВЫВОД [Конечные данные]: Вы угадали
2025-11-13 18:20:30 - INFO     - ==================================================
2025-11-13 18:20:30 - INFO     - ПРОГРАММА ЗАВЕРШЕНА
2025-11-13 18:20:30 - INFO     - Время завершения: 2025-11-13 18:20:30.171591
2025-11-13 18:20:30 - INFO     - ==================================================
2025-11-13 18:20:57 - INFO     - ==================================================
2025-11-13 18:20:57 - INFO     - ПРОГРАММА ЗАПУЩЕНА
2025-11-13 18:20:57 - INFO     - Время запуска: 2025-11-13 18:20:57.845599
2025-11-13 18:20:57 - INFO     - ==================================================
2025-11-13 18:21:00 - INFO     - ВЫВОД [Диалог с пользователем]: Допишите число до которого можно загадывать: от 1 до 
2025-11-13 18:21:00 - INFO     - ВВОД [Значение N]: 20
2025-11-13 18:21:00 - INFO     - ОПЕРАЦИЯ [Проверка введённых данных]: Проверка N(20)
2025-11-13 18:21:00 - INFO     - ОПЕРАЦИЯ [Получаем число от 1 до 20 (загаданное число)]: 8
2025-11-13 18:21:01 - INFO     - ВЫВОД [Диалог с пользователем]: Введите число попыток на отгадывание: 
2025-11-13 18:21:01 - INFO     - ВВОД [Значение k]: 6
2025-11-13 18:21:01 - INFO     - ОПЕРАЦИЯ [Проверка введённых данных]: Проверка k(6)
2025-11-13 18:21:03 - INFO     - ВЫВОД [Диалог с пользователем]: Какое число было загадано? 
2025-11-13 18:21:03 - INFO     - ВВОД [Значение answer]: 6
2025-11-13 18:21:03 - INFO     - ОПЕРАЦИЯ [Проверка введённых данных]: Проверка answer (6)
2025-11-13 18:21:03 - INFO     - ОПЕРАЦИЯ [Проверка ответа и загаданного числа]: Ответ:6, загадано:8
2025-11-13 18:21:05 - INFO     - ВЫВОД [Диалог с пользователем]: Загаданное число больше 
2025-11-13 18:21:05 - INFO     - ВВОД [Новое значение answer]: 10
2025-11-13 18:21:05 - INFO     - ОПЕРАЦИЯ [Уменьшение количества попыток]: 5
2025-11-13 18:21:05 - INFO     - ОПЕРАЦИЯ [Проверка введённых данных]: Проверка answer (10)
2025-11-13 18:21:05 - INFO     - ОПЕРАЦИЯ [Проверка ответа и загаданного числа]: Ответ:10, загадано:8
2025-11-13 18:21:11 - INFO     - ВЫВОД [Диалог с пользователем]: Загаданное число меньше 
2025-11-13 18:21:11 - INFO     - ВВОД [Новое значение answer]: 8
2025-11-13 18:21:11 - INFO     - ОПЕРАЦИЯ [Уменьшение количества попыток]: 4
2025-11-13 18:21:11 - INFO     - ОПЕРАЦИЯ [Проверка введённых данных]: Проверка answer (8)
2025-11-13 18:21:11 - INFO     - ОПЕРАЦИЯ [Проверка ответа и загаданного числа]: Ответ:8, загадано:8
2025-11-13 18:21:11 - INFO     - ОПЕРАЦИЯ [Проверка последнего ответа]: Ответ:8, загадано:8
2025-11-13 18:21:11 - INFO     - ВЫВОД [Конечные данные]: Вы угадали
2025-11-13 18:21:11 - INFO     - ==================================================
2025-11-13 18:21:11 - INFO     - ПРОГРАММА ЗАВЕРШЕНА
2025-11-13 18:21:11 - INFO     - Время завершения: 2025-11-13 18:21:11.659392
2025-11-13 18:21:11 - INFO     - ==================================================
